rm -f *.o *.x *~
rm -f *.dat
mpicc -O3 -g -Wall -I./ -I/m100_work/PROJECTS/spack/spack-0.14/install/linux-rhel7-power9le/gcc-8.4.0/fftw-3.3.8-hwlrarpm6cvjlukhfdowwveb7g7oqwgc/include -I/u/shared/programs/x86_64/openmpi/1.8.3/gnu/4.9.2/torque/include/  -c diffusion.c
In file included from diffusion.c:20:
utilities.h:32:12: warning: inline function ‘index_f’ declared but never defined
 inline int index_f ( int i1, int i2, int i3, int n1, int n2, int n3 );
            ^~~~~~~
mpicc -O3 -g -Wall -I./ -I/m100_work/PROJECTS/spack/spack-0.14/install/linux-rhel7-power9le/gcc-8.4.0/fftw-3.3.8-hwlrarpm6cvjlukhfdowwveb7g7oqwgc/include -I/u/shared/programs/x86_64/openmpi/1.8.3/gnu/4.9.2/torque/include/  -c plot_data.c
In file included from plot_data.c:9:
utilities.h:32:12: warning: inline function ‘index_f’ declared but never defined
 inline int index_f ( int i1, int i2, int i3, int n1, int n2, int n3 );
            ^~~~~~~
mpicc -O3 -g -Wall -I./ -I/m100_work/PROJECTS/spack/spack-0.14/install/linux-rhel7-power9le/gcc-8.4.0/fftw-3.3.8-hwlrarpm6cvjlukhfdowwveb7g7oqwgc/include -I/u/shared/programs/x86_64/openmpi/1.8.3/gnu/4.9.2/torque/include/  -c fft_wrapper.c
mpicc -O3 -g -Wall -I./ -I/m100_work/PROJECTS/spack/spack-0.14/install/linux-rhel7-power9le/gcc-8.4.0/fftw-3.3.8-hwlrarpm6cvjlukhfdowwveb7g7oqwgc/include -I/u/shared/programs/x86_64/openmpi/1.8.3/gnu/4.9.2/torque/include/  -c derivative.c
In file included from derivative.c:11:
utilities.h:32:12: warning: inline function ‘index_f’ declared but never defined
 inline int index_f ( int i1, int i2, int i3, int n1, int n2, int n3 );
            ^~~~~~~
mpicc diffusion.o plot_data.o fft_wrapper.o derivative.o -L/m100_work/PROJECTS/spack/spack-0.14/install/linux-rhel7-power9le/gcc-8.4.0/fftw-3.3.8-hwlrarpm6cvjlukhfdowwveb7g7oqwgc/lib -lfftw3_mpi -lfftw3 -lm		 -o diffusion.x
 4 
 1 
 4 
  1 0.540641560169703 0.999999999999967 Elapsed time per iteration 0.080960 
 31 0.559690205220041 0.999999999999962 Elapsed time per iteration 0.053504 
 61 0.578374869924892 1.000000000000005 Elapsed time per iteration 0.050533 
 91 0.596720198500516 0.999999999999992 Elapsed time per iteration 0.049494 
  gnuplot animate.plt

set term gif animate
         ^
"animate.plt" line 8: unknown or ambiguous terminal type; type just 'set terminal' for a list

make: *** [Makefile:19: plot] Error 1
JOB FINISHED
