Loading spectrum_mpi/10.4.0--binary
  ERROR: Conflicting 'spectrum_mpi' is loaded
rm -f ./build/./src/data_distr_utility.c.o ./build/./src/linearized_matrix_utility.c.o ./build/./src/main.c.o ./build/./src/general_utility.c.o a.out
mkdir -p build/./src/
mpicc -Wall -O3 -I./src -I./src/headers -DNOPRINT -c src/data_distr_utility.c -o build/./src/data_distr_utility.c.o
mkdir -p build/./src/
mpicc -Wall -O3 -I./src -I./src/headers -DNOPRINT -c src/linearized_matrix_utility.c -o build/./src/linearized_matrix_utility.c.o
mkdir -p build/./src/
mpicc -Wall -O3 -I./src -I./src/headers -DNOPRINT -c src/main.c -o build/./src/main.c.o
mkdir -p build/./src/
mpicc -Wall -O3 -I./src -I./src/headers -DNOPRINT -c src/general_utility.c -o build/./src/general_utility.c.o
mpicc  -o a.out ./build/./src/data_distr_utility.c.o ./build/./src/linearized_matrix_utility.c.o ./build/./src/main.c.o ./build/./src/general_utility.c.o
#mpirun -np 32 -npernode 32 -npersocket 16 --bind-to core a.out 28000 1000 3 3 
mpirun -np 32 a.out 28000 1000 3 3
[1;33m--------------------------------------------------------------------------
Matrix size: 28000, # of iteration: 1000, Elements for checking =  Mat[3,3]
--------------------------------------------------------------------------
[0m[1;33m------------------------------------------------------------
Total matrix size: 28002, n_proc_tot: 32, n_loc: 875, rest: 2 
------------------------------------------------------------
[0m[1;31m
Elapsed initialisation time = 0.148462 seconds
[0m[1;31m
Elapsed total time = 273.390739 seconds

Elapsed compute time = 268.609976 seconds

Elapsed communication time = 4.779992 seconds
[0mrm -f ./build/./src/data_distr_utility.c.o ./build/./src/linearized_matrix_utility.c.o ./build/./src/main.c.o ./build/./src/general_utility.c.o a.out
mkdir -p build/./src/
mpicc -Wall -O3 -I./src -I./src/headers -DNOPRINT -c src/data_distr_utility.c -o build/./src/data_distr_utility.c.o
mkdir -p build/./src/
mpicc -Wall -O3 -I./src -I./src/headers -DNOPRINT -c src/linearized_matrix_utility.c -o build/./src/linearized_matrix_utility.c.o
mkdir -p build/./src/
mpicc -Wall -O3 -I./src -I./src/headers -DNOPRINT -c src/main.c -o build/./src/main.c.o
mkdir -p build/./src/
mpicc -Wall -O3 -I./src -I./src/headers -DNOPRINT -c src/general_utility.c -o build/./src/general_utility.c.o
mpicc  -o a.out ./build/./src/data_distr_utility.c.o ./build/./src/linearized_matrix_utility.c.o ./build/./src/main.c.o ./build/./src/general_utility.c.o
#mpirun -np 64 -npernode 32 -npersocket 16 --bind-to core a.out 28000 1000 3 3 
mpirun -np 64 a.out 28000 1000 3 3
[1;33m--------------------------------------------------------------------------
Matrix size: 28000, # of iteration: 1000, Elements for checking =  Mat[3,3]
--------------------------------------------------------------------------
[0m[1;33m------------------------------------------------------------
Total matrix size: 28002, n_proc_tot: 64, n_loc: 437, rest: 34 
------------------------------------------------------------
[0m[1;31m
Elapsed initialisation time = 0.078616 seconds
[0m[1;31m
Elapsed total time = 137.531427 seconds

Elapsed compute time = 134.086073 seconds

Elapsed communication time = 3.444611 seconds
[0mrm -f ./build/./src/data_distr_utility.c.o ./build/./src/linearized_matrix_utility.c.o ./build/./src/main.c.o ./build/./src/general_utility.c.o a.out
mkdir -p build/./src/
mpicc -Wall -O3 -I./src -I./src/headers -DNOPRINT -c src/data_distr_utility.c -o build/./src/data_distr_utility.c.o
mkdir -p build/./src/
mpicc -Wall -O3 -I./src -I./src/headers -DNOPRINT -c src/linearized_matrix_utility.c -o build/./src/linearized_matrix_utility.c.o
mkdir -p build/./src/
mpicc -Wall -O3 -I./src -I./src/headers -DNOPRINT -c src/main.c -o build/./src/main.c.o
mkdir -p build/./src/
mpicc -Wall -O3 -I./src -I./src/headers -DNOPRINT -c src/general_utility.c -o build/./src/general_utility.c.o
mpicc  -o a.out ./build/./src/data_distr_utility.c.o ./build/./src/linearized_matrix_utility.c.o ./build/./src/main.c.o ./build/./src/general_utility.c.o
#mpirun -np 128 -npernode 32 -npersocket 16 --bind-to core a.out 28000 1000 3 3 
mpirun -np 128 a.out 28000 1000 3 3
[1;33m--------------------------------------------------------------------------
Matrix size: 28000, # of iteration: 1000, Elements for checking =  Mat[3,3]
--------------------------------------------------------------------------
[0m[1;33m------------------------------------------------------------
Total matrix size: 28002, n_proc_tot: 128, n_loc: 218, rest: 98 
------------------------------------------------------------
[0m[1;31m
Elapsed initialisation time = 0.049022 seconds
[0m[1;31m
Elapsed total time = 69.655452 seconds

Elapsed compute time = 66.946973 seconds

Elapsed communication time = 2.707726 seconds
[0mrm -f ./build/./src/data_distr_utility.c.o ./build/./src/linearized_matrix_utility.c.o ./build/./src/main.c.o ./build/./src/general_utility.c.o a.out
mkdir -p build/./src/
mpicc -Wall -O3 -I./src -I./src/headers -DNOPRINT -c src/data_distr_utility.c -o build/./src/data_distr_utility.c.o
mkdir -p build/./src/
mpicc -Wall -O3 -I./src -I./src/headers -DNOPRINT -c src/linearized_matrix_utility.c -o build/./src/linearized_matrix_utility.c.o
mkdir -p build/./src/
mpicc -Wall -O3 -I./src -I./src/headers -DNOPRINT -c src/main.c -o build/./src/main.c.o
mkdir -p build/./src/
mpicc -Wall -O3 -I./src -I./src/headers -DNOPRINT -c src/general_utility.c -o build/./src/general_utility.c.o
mpicc  -o a.out ./build/./src/data_distr_utility.c.o ./build/./src/linearized_matrix_utility.c.o ./build/./src/main.c.o ./build/./src/general_utility.c.o
#mpirun -np 256 -npernode 32 -npersocket 16 --bind-to core a.out 28000 1000 3 3 
mpirun -np 256 a.out 28000 1000 3 3
[1;33m--------------------------------------------------------------------------
Matrix size: 28000, # of iteration: 1000, Elements for checking =  Mat[3,3]
--------------------------------------------------------------------------
[0m[1;33m------------------------------------------------------------
Total matrix size: 28002, n_proc_tot: 256, n_loc: 109, rest: 98 
------------------------------------------------------------
[0m[1;31m
Elapsed initialisation time = 0.027129 seconds
[0m[1;31m
Elapsed total time = 35.568727 seconds

Elapsed compute time = 33.432951 seconds

Elapsed communication time = 2.135064 seconds
[0mrm -f ./build/./src/data_distr_utility.c.o ./build/./src/linearized_matrix_utility.c.o ./build/./src/main.c.o ./build/./src/general_utility.c.o a.out
mkdir -p build/./src/
mpicc -fast -acc -Minfo=accel -I./src -I./src/headers -DNOPRINT -c src/data_distr_utility.c -o build/./src/data_distr_utility.c.o
mkdir -p build/./src/
mpicc -fast -acc -Minfo=accel -I./src -I./src/headers -DNOPRINT -c src/linearized_matrix_utility.c -o build/./src/linearized_matrix_utility.c.o
mkdir -p build/./src/
mpicc -fast -acc -Minfo=accel -I./src -I./src/headers -DNOPRINT -c src/main.c -o build/./src/main.c.o
mkdir -p build/./src/
mpicc -fast -acc -Minfo=accel -I./src -I./src/headers -DNOPRINT -c src/general_utility.c -o build/./src/general_utility.c.o
mpicc -acc -Minfo=accel ./build/./src/data_distr_utility.c.o ./build/./src/linearized_matrix_utility.c.o ./build/./src/main.c.o ./build/./src/general_utility.c.o -o a.out
mpirun -np 4 --map-by ppr:2:socket a.out 28000 1000 3 3
[1;33m-------------------------------
There are in total 4 devices  
I am 0 and I use the device 0
-------------------------------
I am 1 and I use the device 1
-------------------------------
I am 2 and I use the device 2
-------------------------------
I am 3 and I use the device 3
[0m[1;33m--------------------------------------------------------------------------
Matrix size: 28000, # of iteration: 1000, Elements for checking =  Mat[3,3]
--------------------------------------------------------------------------
[0m[1;33m------------------------------------------------------------
Total matrix size: 28002, n_proc_tot: 4, n_loc: 7000, rest: 2 
------------------------------------------------------------
[0m[1;31m
Elapsed initialisation time = 0.257230 seconds
[0m[1;31m
Elapsed computation time = 37.188714 seconds

Elapsed compute time = 24.552709 seconds

Elapsed communication time = 12.202892 seconds
[0m#mpirun -np 4 a.out 28000 1000 3 3
rm -f ./build/./src/data_distr_utility.c.o ./build/./src/linearized_matrix_utility.c.o ./build/./src/main.c.o ./build/./src/general_utility.c.o a.out
mkdir -p build/./src/
mpicc -fast -acc -Minfo=accel -I./src -I./src/headers -DNOPRINT -c src/data_distr_utility.c -o build/./src/data_distr_utility.c.o
mkdir -p build/./src/
mpicc -fast -acc -Minfo=accel -I./src -I./src/headers -DNOPRINT -c src/linearized_matrix_utility.c -o build/./src/linearized_matrix_utility.c.o
mkdir -p build/./src/
mpicc -fast -acc -Minfo=accel -I./src -I./src/headers -DNOPRINT -c src/main.c -o build/./src/main.c.o
mkdir -p build/./src/
mpicc -fast -acc -Minfo=accel -I./src -I./src/headers -DNOPRINT -c src/general_utility.c -o build/./src/general_utility.c.o
mpicc -acc -Minfo=accel ./build/./src/data_distr_utility.c.o ./build/./src/linearized_matrix_utility.c.o ./build/./src/main.c.o ./build/./src/general_utility.c.o -o a.out
mpirun -np 8 --map-by ppr:2:socket a.out 28000 1000 3 3
[1;33m-------------------------------
There are in total 4 devices  
I am 0 and I use the device 0
-------------------------------
I am 1 and I use the device 1
-------------------------------
I am 2 and I use the device 2
-------------------------------
I am 3 and I use the device 3
-------------------------------
I am 4 and I use the device 0
-------------------------------
I am 5 and I use the device 1
-------------------------------
I am 6 and I use the device 2
-------------------------------
I am 7 and I use the device 3
[0m[1;33m--------------------------------------------------------------------------
Matrix size: 28000, # of iteration: 1000, Elements for checking =  Mat[3,3]
--------------------------------------------------------------------------
[0m[1;33m------------------------------------------------------------
Total matrix size: 28002, n_proc_tot: 8, n_loc: 3500, rest: 2 
------------------------------------------------------------
[0m[1;31m
Elapsed initialisation time = 0.170152 seconds
[0m[1;31m
Elapsed computation time = 16.718945 seconds

Elapsed compute time = 10.947235 seconds

Elapsed communication time = 5.556053 seconds
[0m#mpirun -np 8 a.out 28000 1000 3 3
rm -f ./build/./src/data_distr_utility.c.o ./build/./src/linearized_matrix_utility.c.o ./build/./src/main.c.o ./build/./src/general_utility.c.o a.out
mkdir -p build/./src/
mpicc -fast -acc -Minfo=accel -I./src -I./src/headers -DNOPRINT -c src/data_distr_utility.c -o build/./src/data_distr_utility.c.o
mkdir -p build/./src/
mpicc -fast -acc -Minfo=accel -I./src -I./src/headers -DNOPRINT -c src/linearized_matrix_utility.c -o build/./src/linearized_matrix_utility.c.o
mkdir -p build/./src/
mpicc -fast -acc -Minfo=accel -I./src -I./src/headers -DNOPRINT -c src/main.c -o build/./src/main.c.o
mkdir -p build/./src/
mpicc -fast -acc -Minfo=accel -I./src -I./src/headers -DNOPRINT -c src/general_utility.c -o build/./src/general_utility.c.o
mpicc -acc -Minfo=accel ./build/./src/data_distr_utility.c.o ./build/./src/linearized_matrix_utility.c.o ./build/./src/main.c.o ./build/./src/general_utility.c.o -o a.out
mpirun -np 16 --map-by ppr:2:socket a.out 28000 1000 3 3
[1;33m-------------------------------
There are in total 4 devices  
I am 0 and I use the device 0
-------------------------------
I am 1 and I use the device 1
-------------------------------
I am 2 and I use the device 2
-------------------------------
I am 3 and I use the device 3
-------------------------------
I am 4 and I use the device 0
-------------------------------
I am 5 and I use the device 1
-------------------------------
I am 6 and I use the device 2
-------------------------------
I am 7 and I use the device 3
-------------------------------
I am 8 and I use the device 0
-------------------------------
I am 9 and I use the device 1
-------------------------------
I am 10 and I use the device 2
-------------------------------
I am 11 and I use the device 3
-------------------------------
I am 12 and I use the device 0
-------------------------------
I am 13 and I use the device 1
-------------------------------
I am 14 and I use the device 2
-------------------------------
I am 15 and I use the device 3
[0m[1;33m--------------------------------------------------------------------------
Matrix size: 28000, # of iteration: 1000, Elements for checking =  Mat[3,3]
--------------------------------------------------------------------------
[0m[1;33m------------------------------------------------------------
Total matrix size: 28002, n_proc_tot: 16, n_loc: 1750, rest: 2 
------------------------------------------------------------
[0m[1;31m
Elapsed initialisation time = 0.116055 seconds
[0m[1;31m
Elapsed computation time = 6.760033 seconds

Elapsed compute time = 4.848008 seconds

Elapsed communication time = 1.802960 seconds
[0m#mpirun -np 16 a.out 28000 1000 3 3
rm -f ./build/./src/data_distr_utility.c.o ./build/./src/linearized_matrix_utility.c.o ./build/./src/main.c.o ./build/./src/general_utility.c.o a.out
mkdir -p build/./src/
mpicc -fast -acc -Minfo=accel -I./src -I./src/headers -DNOPRINT -c src/data_distr_utility.c -o build/./src/data_distr_utility.c.o
mkdir -p build/./src/
mpicc -fast -acc -Minfo=accel -I./src -I./src/headers -DNOPRINT -c src/linearized_matrix_utility.c -o build/./src/linearized_matrix_utility.c.o
mkdir -p build/./src/
mpicc -fast -acc -Minfo=accel -I./src -I./src/headers -DNOPRINT -c src/main.c -o build/./src/main.c.o
mkdir -p build/./src/
mpicc -fast -acc -Minfo=accel -I./src -I./src/headers -DNOPRINT -c src/general_utility.c -o build/./src/general_utility.c.o
mpicc -acc -Minfo=accel ./build/./src/data_distr_utility.c.o ./build/./src/linearized_matrix_utility.c.o ./build/./src/main.c.o ./build/./src/general_utility.c.o -o a.out
mpirun -np 32 --map-by ppr:2:socket a.out 28000 1000 3 3
[1;33m-------------------------------
There are in total 4 devices  
I am 0 and I use the device 0
-------------------------------
I am 1 and I use the device 1
-------------------------------
I am 2 and I use the device 2
-------------------------------
I am 3 and I use the device 3
-------------------------------
I am 4 and I use the device 0
-------------------------------
I am 5 and I use the device 1
-------------------------------
I am 6 and I use the device 2
-------------------------------
I am 7 and I use the device 3
-------------------------------
I am 8 and I use the device 0
-------------------------------
I am 9 and I use the device 1
-------------------------------
I am 10 and I use the device 2
-------------------------------
I am 11 and I use the device 3
-------------------------------
I am 12 and I use the device 0
-------------------------------
I am 13 and I use the device 1
-------------------------------
I am 14 and I use the device 2
-------------------------------
I am 15 and I use the device 3
-------------------------------
I am 16 and I use the device 0
-------------------------------
I am 17 and I use the device 1
-------------------------------
I am 18 and I use the device 2
-------------------------------
I am 19 and I use the device 3
-------------------------------
I am 20 and I use the device 0
-------------------------------
I am 21 and I use the device 1
-------------------------------
I am 22 and I use the device 2
-------------------------------
I am 23 and I use the device 3
-------------------------------
I am 24 and I use the device 0
-------------------------------
I am 25 and I use the device 1
-------------------------------
I am 26 and I use the device 2
-------------------------------
I am 27 and I use the device 3
-------------------------------
I am 28 and I use the device 0
-------------------------------
I am 29 and I use the device 1
-------------------------------
I am 30 and I use the device 2
-------------------------------
I am 31 and I use the device 3
[0m[1;33m--------------------------------------------------------------------------
Matrix size: 28000, # of iteration: 1000, Elements for checking =  Mat[3,3]
--------------------------------------------------------------------------
[0m[1;33m------------------------------------------------------------
Total matrix size: 28002, n_proc_tot: 32, n_loc: 875, rest: 2 
------------------------------------------------------------
[0m[1;31m
Elapsed initialisation time = 0.084868 seconds
[0m[1;31m
Elapsed computation time = 3.031680 seconds

Elapsed compute time = 1.142280 seconds

Elapsed communication time = 1.833140 seconds
[0m#mpirun -np 32 a.out 28000 1000 3 3
JOB FINISHED
